<?xml version="1.0" encoding="UTF-8"?>
<!-- Generated by org.testng.reporters.JUnitXMLReporter -->
<testsuite hostname="rahul" ignored="0" name="java Test" tests="2" failures="2" timestamp="15 Dec 2019 14:03:36 GMT" time="8.296" errors="0">
  <testcase name="loginToApp" time="0.046" classname="com.amazom.tc.Amazon_TC">
    <failure type="java.lang.NullPointerException">
      <![CDATA[java.lang.NullPointerException
	at org.apache.log4j.CategoryKey.<init>(CategoryKey.java:31)
	at org.apache.log4j.Hierarchy.getLogger(Hierarchy.java:261)
	at org.apache.log4j.Hierarchy.getLogger(Hierarchy.java:242)
	at org.apache.log4j.LogManager.getLogger(LogManager.java:188)
	at org.apache.log4j.Logger.getLogger(Logger.java:104)
	at org.apache.commons.logging.impl.Log4JLogger.getLogger(Log4JLogger.java:289)
	at org.apache.commons.logging.impl.Log4JLogger.info(Log4JLogger.java:199)
	at com.amazom.tc.Amazon_TC.loginToApp(Amazon_TC.java:37)
... Removed 25 stack frames]]>
    </failure>
  </testcase> <!-- loginToApp -->
  <testcase name="searchResultRandomlyAndAddToCart" time="2.537" classname="com.amazom.tc.Amazon_TC">
    <failure type="org.openqa.selenium.NoSuchElementException" message="Can&amp;apos;t locate an element by this strategy: Locator map: 
- native content: &amp;quot;By.id: in.amazon.mShop.android.shopping:id/rs_search_src_text&amp;quot; 
- html content: &amp;quot;by id or name &amp;quot;textBoxSearch&amp;quot;&amp;quot;
For documentation on this error, please visit: http://seleniumhq.org/exceptions/no_such_element.html
Build info: version: &amp;apos;2.53.0&amp;apos;, revision: &amp;apos;35ae25b1534ae328c771e0856c93e187490ca824&amp;apos;, time: &amp;apos;2016-03-15 10:43:46&amp;apos;
System info: host: &amp;apos;rahul&amp;apos;, ip: &amp;apos;192.168.43.111&amp;apos;, os.name: &amp;apos;Windows 8.1&amp;apos;, os.arch: &amp;apos;amd64&amp;apos;, os.version: &amp;apos;6.3&amp;apos;, java.version: &amp;apos;1.8.0_144&amp;apos;
Driver info: driver.version: unknown">
      <![CDATA[org.openqa.selenium.NoSuchElementException: Can't locate an element by this strategy: Locator map: 
- native content: "By.id: in.amazon.mShop.android.shopping:id/rs_search_src_text" 
- html content: "by id or name "textBoxSearch""
For documentation on this error, please visit: http://seleniumhq.org/exceptions/no_such_element.html
Build info: version: '2.53.0', revision: '35ae25b1534ae328c771e0856c93e187490ca824', time: '2016-03-15 10:43:46'
System info: host: 'rahul', ip: '192.168.43.111', os.name: 'Windows 8.1', os.arch: 'amd64', os.version: '6.3', java.version: '1.8.0_144'
Driver info: driver.version: unknown
	at io.appium.java_client.pagefactory.AppiumElementLocator.findElement(AppiumElementLocator.java:110)
	at io.appium.java_client.pagefactory.interceptors.InterceptorOfASingleElement.intercept(InterceptorOfASingleElement.java:57)
	at io.appium.java_client.android.AndroidElement$$EnhancerByCGLIB$$c0b591f0.sendKeys(<generated>)
	at com.amazom.tc.Amazon_TC.searchResultRandomlyAndAddToCart(Amazon_TC.java:58)
... Removed 25 stack frames]]>
    </failure>
  </testcase> <!-- searchResultRandomlyAndAddToCart -->
</testsuite> <!-- java Test -->
